2012-09-18 06:28:41 Unknown error type:[8] Undefined index: REQUEST_URI in file /home/soone/code/php/webpie/core/webpie.php on line 37
2012-09-18 06:30:05 Unknown error type:[8] Undefined index: REQUEST_URI in file /home/soone/code/php/webpie/core/webpie.php on line 37
2012-09-18 06:30:06 Unknown error type:[8] Undefined index: 058867350b96b0ea7ff7fc9f92b1968f in file /home/soone/code/php/webpie/core/dal/memcache.php on line 22
2012-09-18 06:30:06 Unknown error type:[8] Undefined index: e61bfd485f9fa39b567651fe036d3598 in file /home/soone/code/php/webpie/core/dal/redis.php on line 22
2012-09-18 14:30:06 Unknown error type:[8] Undefined index: nick in file /home/soone/code/php/webpie/test/ValidTest.php on line 20
2012-09-18 14:30:06 Unknown error type:[8] Undefined index: nick in file /home/soone/code/php/webpie/test/ValidTest.php on line 36
2012-09-18 14:30:06 Unknown error type:[8] Undefined index: default2 in file /home/soone/code/php/webpie/test/ValidTest.php on line 58
2012-09-18 14:30:06 Unknown error type:[8] Undefined index: msg in file /home/soone/code/php/webpie/test/ValidTest.php on line 81
2012-09-18 14:30:06 Unknown error type:[8] Undefined index: nick in file /home/soone/code/php/webpie/test/ValidTest.php on line 94
2012-09-18 14:30:06 Unknown error type:[8] Undefined index: nick in file /home/soone/code/php/webpie/test/ValidTest.php on line 186
2012-09-18 06:32:22 Unknown error type:[8] Undefined index: REQUEST_URI in file /home/soone/code/php/webpie/core/webpie.php on line 37
2012-09-18 06:32:23 Unknown error type:[8] Undefined index: 058867350b96b0ea7ff7fc9f92b1968f in file /home/soone/code/php/webpie/core/dal/memcache.php on line 22
2012-09-18 06:32:23 Unknown error type:[8] Undefined index: e61bfd485f9fa39b567651fe036d3598 in file /home/soone/code/php/webpie/core/dal/redis.php on line 22
2012-09-18 14:32:23 Unknown error type:[8] Undefined index: nick in file /home/soone/code/php/webpie/test/ValidTest.php on line 20
2012-09-18 14:32:23 Unknown error type:[8] Undefined index: nick in file /home/soone/code/php/webpie/test/ValidTest.php on line 36
2012-09-18 14:32:23 Unknown error type:[8] Undefined index: default2 in file /home/soone/code/php/webpie/test/ValidTest.php on line 58
2012-09-18 14:32:23 Unknown error type:[8] Undefined index: msg in file /home/soone/code/php/webpie/test/ValidTest.php on line 81
2012-09-18 14:32:23 Unknown error type:[8] Undefined index: nick in file /home/soone/code/php/webpie/test/ValidTest.php on line 94
2012-09-18 14:32:23 Unknown error type:[8] Undefined index: nick in file /home/soone/code/php/webpie/test/ValidTest.php on line 186
2012-09-18 06:32:32 Unknown error type:[8] Undefined index: REQUEST_URI in file /home/soone/code/php/webpie/core/webpie.php on line 37
2012-09-18 06:32:33 Unknown error type:[8] Undefined index: 058867350b96b0ea7ff7fc9f92b1968f in file /home/soone/code/php/webpie/core/dal/memcache.php on line 22
2012-09-18 06:32:33 Unknown error type:[8] Undefined index: e61bfd485f9fa39b567651fe036d3598 in file /home/soone/code/php/webpie/core/dal/redis.php on line 22
2012-09-18 14:32:33 Unknown error type:[8] Undefined index: nick in file /home/soone/code/php/webpie/test/ValidTest.php on line 20
2012-09-18 14:32:33 Unknown error type:[8] Undefined index: nick in file /home/soone/code/php/webpie/test/ValidTest.php on line 36
2012-09-18 14:32:33 Unknown error type:[8] Undefined index: default2 in file /home/soone/code/php/webpie/test/ValidTest.php on line 58
2012-09-18 14:32:33 Unknown error type:[8] Undefined index: msg in file /home/soone/code/php/webpie/test/ValidTest.php on line 81
2012-09-18 14:32:33 Unknown error type:[8] Undefined index: nick in file /home/soone/code/php/webpie/test/ValidTest.php on line 94
2012-09-18 14:32:33 Unknown error type:[8] Undefined index: nick in file /home/soone/code/php/webpie/test/ValidTest.php on line 186
